2026-05-10 00:21:56 [main] INFO  naukari.LoginTest -
					Clicked on Login button
2026-05-10 00:21:56 [main] INFO  naukari.LoginTest -
					Entered username
2026-05-10 00:21:57 [main] INFO  naukari.LoginTest -
					Entered password
2026-05-10 00:21:57 [main] INFO  naukari.LoginTest -
					Clicked on Login button
2026-05-10 00:24:31 [main] INFO  naukari.LoginTest -
					Clicked on Login button
2026-05-10 00:24:31 [main] INFO  naukari.LoginTest -
					Entered username
2026-05-10 00:24:32 [main] INFO  naukari.LoginTest -
					Entered password
2026-05-10 00:24:33 [main] INFO  naukari.LoginTest -
					Clicked on Login button
2026-05-10 00:38:17 [main] INFO  naukari.LoginTest -
					Clicked on Login button
2026-05-10 00:38:18 [main] INFO  naukari.LoginTest -
					Entered username
2026-05-10 00:38:18 [main] INFO  naukari.LoginTest -
					Entered password
2026-05-10 00:38:18 [main] INFO  naukari.LoginTest -
					Clicked on Login button
2026-05-10 00:47:08 [main] INFO  naukari.LoginTest -
					Clicked on Login button
2026-05-10 00:47:08 [main] INFO  naukari.LoginTest -
					Entered username
2026-05-10 00:47:09 [main] INFO  naukari.LoginTest -
					Entered password
2026-05-10 00:47:09 [main] INFO  naukari.LoginTest -
					Clicked on Login button
2026-05-10 01:30:41 [main] INFO  naukari.LoginTest -
					Clicked on Login button
2026-05-10 01:30:42 [main] INFO  naukari.LoginTest -
					Entered username
2026-05-10 01:30:42 [main] INFO  naukari.LoginTest -
					Entered password
2026-05-10 01:30:42 [main] INFO  naukari.LoginTest -
					Clicked on Login button
2026-05-10 01:32:04 [main] INFO  naukari.LoginTest -
					Clicked on Login button
2026-05-10 01:32:04 [main] INFO  naukari.LoginTest -
					Entered username
2026-05-10 01:32:05 [main] INFO  naukari.LoginTest -
					Entered password
2026-05-10 01:32:05 [main] INFO  naukari.LoginTest -
					Clicked on Login button
2026-05-10 01:50:54 [main] INFO  naukari.LoginTest -
					Clicked on Login button
2026-05-10 01:50:54 [main] INFO  naukari.LoginTest -
					Entered username
2026-05-10 01:50:55 [main] INFO  naukari.LoginTest -
					Entered password
2026-05-10 01:50:55 [main] INFO  naukari.LoginTest -
					Clicked on Login button
2026-05-10 01:54:58 [main] INFO  naukari.LoginTest -
					Clicked on Login button
2026-05-10 01:54:59 [main] INFO  naukari.LoginTest -
					Entered username
2026-05-10 01:54:59 [main] INFO  naukari.LoginTest -
					Entered password
2026-05-10 01:55:00 [main] INFO  naukari.LoginTest -
					Clicked on Login button
2026-05-10 02:01:36 [main] INFO  naukari.LoginTest -
					Clicked on Login button
2026-05-10 02:01:37 [main] INFO  naukari.LoginTest -
					Entered username
2026-05-10 02:01:37 [main] INFO  naukari.LoginTest -
					Entered password
2026-05-10 02:01:37 [main] INFO  naukari.LoginTest -
					Clicked on Login button
2026-05-10 02:09:45 [main] INFO  naukari.LoginTest -
					Clicked on Login button
2026-05-10 02:09:45 [main] INFO  naukari.LoginTest -
					Entered username
2026-05-10 02:09:46 [main] INFO  naukari.LoginTest -
					Entered password
2026-05-10 02:09:46 [main] INFO  naukari.LoginTest -
					Clicked on Login button
2026-05-10 02:09:46 [main] INFO  naukari.LoginTest -
					Entered username
2026-05-10 02:19:41 [main] INFO  naukari.LoginTest -
					Clicked on Login button
2026-05-10 02:19:42 [main] INFO  naukari.LoginTest -
					Entered username
2026-05-10 02:19:42 [main] INFO  naukari.LoginTest -
					Entered password
2026-05-10 02:19:42 [main] INFO  naukari.LoginTest -
					Clicked on Login button
2026-05-10 02:19:42 [main] INFO  naukari.LoginTest -
					Entered username
2026-05-10 02:22:39 [main] INFO  naukari.LoginTest -
					Clicked on Login button
2026-05-10 02:22:40 [main] INFO  naukari.LoginTest -
					Entered username
2026-05-10 02:22:40 [main] INFO  naukari.LoginTest -
					Entered password
2026-05-10 02:22:41 [main] INFO  naukari.LoginTest -
					Clicked on Login button
2026-05-10 02:25:45 [main] INFO  naukari.LoginTest -
					Clicked on Login button
2026-05-10 02:25:46 [main] INFO  naukari.LoginTest -
					Entered username
2026-05-10 02:25:46 [main] INFO  naukari.LoginTest -
					Entered password
2026-05-10 02:25:46 [main] INFO  naukari.LoginTest -
					Clicked on Login button
2026-05-10 03:11:37 [main] INFO  com.qa.testCases.naukri_tc -
					Clicked on Login button
2026-05-10 03:11:38 [main] INFO  com.qa.testCases.naukri_tc -
					Entered username
2026-05-10 03:11:39 [main] INFO  com.qa.testCases.naukri_tc -
					Entered password
2026-05-10 03:11:39 [main] INFO  com.qa.testCases.naukri_tc -
					Clicked on Login button
2026-05-10 14:24:05 [main] INFO  com.qa.testCases.naukri_tc -
					Clicked on Login button
2026-05-10 14:24:06 [main] INFO  com.qa.testCases.naukri_tc -
					Entered username
2026-05-10 14:24:06 [main] INFO  com.qa.testCases.naukri_tc -
					Entered password
2026-05-10 14:24:07 [main] INFO  com.qa.testCases.naukri_tc -
					Clicked on Login button
2026-05-10 19:29:05 [main] INFO  com.qa.testCases.naukri_tc -
					Clicked on Login button
2026-05-10 19:29:06 [main] INFO  com.qa.testCases.naukri_tc -
					Entered username
2026-05-10 19:29:06 [main] INFO  com.qa.testCases.naukri_tc -
					Entered password
2026-05-10 19:29:06 [main] INFO  com.qa.testCases.naukri_tc -
					Clicked on Login button
2026-05-10 19:31:38 [main] INFO  com.qa.testCases.naukri_tc -
					Clicked on Login button
2026-05-10 19:31:39 [main] INFO  com.qa.testCases.naukri_tc -
					Entered username
2026-05-10 19:31:40 [main] INFO  com.qa.testCases.naukri_tc -
					Entered password
2026-05-10 19:31:41 [main] INFO  com.qa.testCases.naukri_tc -
					Clicked on Login button
2026-05-10 19:33:08 [main] INFO  com.qa.testCases.naukri_tc -
					Clicked on Login button
2026-05-10 19:33:08 [main] INFO  com.qa.testCases.naukri_tc -
					Entered username
2026-05-10 19:33:09 [main] INFO  com.qa.testCases.naukri_tc -
					Entered password
2026-05-10 19:33:09 [main] INFO  com.qa.testCases.naukri_tc -
					Clicked on Login button
